2026-02-23T13:09:43.836 [INFO] [RT] mlockall OK
2026-02-23T13:09:43.837 [INFO] ===============================================================
[OMP] enabled, _OPENMP=201511
[OMP] omp_get_max_threads() = 4
[OMP] omp_get_dynamic()     = 0
[OMP] omp_get_nested()      = 0
[OMP] spawned threads       = 4 (in_parallel=1)
2026-02-23T13:09:43.845 [INFO] ===============================================================
2026-02-23T13:09:43.850 [INFO] <Comm> listening on port 65000
2026-02-23T13:09:43.987 [INFO] ===============================================================
2026-02-23T13:09:43.987 [INFO] Hardware connection status...
2026-02-23T13:09:43.987 [INFO] -----------------------------
2026-02-23T13:09:43.987 [INFO] Audio Device...
2026-02-23T13:09:43.987 [INFO] ---------------
XDG_RUNTIME_DIR (/run/user/10000) is not owned by us (uid 0), but by uid 10000! (This could e.g. happen if you try to connect to a non-root PulseAudio as a root user, over the native protocol. Don't do that.)
2026-02-23T13:09:44.036 [INFO] <AudioAmp> Opened PCM name = octopus_uca202
2026-02-23T13:09:44.036 [INFO] <AudioAmp> snd_pcm_state= OPEN
2026-02-23T13:09:44.036 [INFO] <AudioAmp> effective fmt= S16_LE rate= 48000 ch= 2
2026-02-23T13:09:44.036 [INFO] <AudioAmp> ALSA period= 256 frames ( 5.33333 ms) buffer= 2048 frames ( 42.6667 ms)
2026-02-23T13:09:44.037 [INFO] <Audio> AudioAmp ALSA initialized successfully.
2026-02-23T13:09:44.037 [INFO] ---------------------------------------------------------------
2026-02-23T13:09:44.037 [INFO] EEG Amplifiers...
2026-02-23T13:09:44.037 [INFO] -----------------
2026-02-23T13:09:44.037 [INFO] <AmpProbe> Amplifiers are initialized successfully.
2026-02-23T13:09:44.037 [INFO] Sorting according to their IDs...
2026-02-23T13:09:44.037 [INFO] Before:
2026-02-23T13:09:44.037 [INFO] 1077
2026-02-23T13:09:44.037 [INFO] 1075
2026-02-23T13:09:44.037 [INFO] After:
2026-02-23T13:09:44.037 [INFO] 1075
2026-02-23T13:09:44.037 [INFO] 1077
2026-02-23T13:09:44.037 [INFO] ---------------------------------------------------------------
2026-02-23T13:09:44.037 [INFO] <AmpProbe> Checking amplifiers on/off status...
2026-02-23T13:09:45.545 [INFO] <AmpProbe> EEG Amplifier 0 is on for streaming.
2026-02-23T13:09:47.064 [INFO] <AmpProbe> EEG Amplifier 1 is on for streaming.
2026-02-23T13:09:47.064 [INFO] ---------------------------------------------------------------
2026-02-23T13:09:47.064 [INFO] HyperSync Serial Device...
2026-02-23T13:09:47.064 [INFO] --------------------------
2026-02-23T13:09:50.069 [INFO] <HyperSync> Device initialized successfully.
2026-02-23T13:09:50.069 [INFO] ===============================================================
2026-02-23T13:09:50.069 [INFO] Detailed channels info:
2026-02-23T13:09:50.069 [INFO] -----------------------
2026-02-23T13:09:50.069 [INFO] 1 -> Fp1 - (92.0,108.00) - [5,2] ChnType=0, Inter=1 33 
2026-02-23T13:09:50.069 [INFO] 2 -> Fpz - (92.0,90.00) - [6,2] ChnType=0, Inter=0 2 
2026-02-23T13:09:50.069 [INFO] 3 -> Fp2 - (92.0,72.00) - [7,2] ChnType=0, Inter=1 34 
2026-02-23T13:09:50.069 [INFO] 4 -> F7 - (92.0,144.00) - [2,4] ChnType=0, Inter=32 36 57 
2026-02-23T13:09:50.069 [INFO] 5 -> F3 - (60.0,129.00) - [4,4] ChnType=0, Inter=33 36 37 40 
2026-02-23T13:09:50.069 [INFO] 6 -> Fz - (46.0,90.00) - [6,4] ChnType=0, Inter=37 38 41 
2026-02-23T13:09:50.069 [INFO] 7 -> F4 - (60.0,51.00) - [8,4] ChnType=0, Inter=34 38 39 42 
2026-02-23T13:09:50.069 [INFO] 8 -> F8 - (92.0,36.00) - [10,4] ChnType=0, Inter=35 39 58 
2026-02-23T13:09:50.070 [INFO] 9 -> FC5 - (71.0,159.00) - [3,5] ChnType=0, Inter=36 40 43 57 
2026-02-23T13:09:50.070 [INFO] 10 -> FC1 - (32.0,135.00) - [5,5] ChnType=0, Inter=37 40 41 44 
2026-02-23T13:09:50.070 [INFO] 11 -> FC2 - (32.0,45.00) - [7,5] ChnType=0, Inter=38 41 42 45 
2026-02-23T13:09:50.070 [INFO] 12 -> FC6 - (71.0,21.00) - [9,5] ChnType=0, Inter=39 42 46 58 
2026-02-23T13:09:50.070 [INFO] 13 -> M1 - (120.0,155.00) - [1,6] ChnType=0, Inter=13 57 59 
2026-02-23T13:09:50.070 [INFO] 14 -> T7 - (92.0,180.00) - [2,6] ChnType=0, Inter=12 43 57 59 
2026-02-23T13:09:50.070 [INFO] 15 -> C3 - (46.0,180.00) - [4,6] ChnType=0, Inter=40 43 44 47 
2026-02-23T13:09:50.070 [INFO] 16 -> Cz - (0.0,0.00) - [6,6] ChnType=0, Inter=41 44 45 
2026-02-23T13:09:50.070 [INFO] 17 -> C4 - (46.0,0.00) - [8,6] ChnType=0, Inter=42 45 46 48 
2026-02-23T13:09:50.070 [INFO] 18 -> T8 - (92.0,0.00) - [10,6] ChnType=0, Inter=18 46 58 60 
2026-02-23T13:09:50.070 [INFO] 19 -> M2 - (120.0,25.00) - [11,6] ChnType=0, Inter=17 58 60 
2026-02-23T13:09:50.070 [INFO] 20 -> CP5 - (71.0,201.00) - [3,7] ChnType=0, Inter=43 47 49 59 
2026-02-23T13:09:50.070 [INFO] 21 -> CP1 - (32.0,225.00) - [5,7] ChnType=0, Inter=44 47 50 
2026-02-23T13:09:50.070 [INFO] 22 -> CP2 - (32.0,315.00) - [7,7] ChnType=0, Inter=45 48 51 
2026-02-23T13:09:50.070 [INFO] 23 -> CP6 - (71.0,339.00) - [9,7] ChnType=0, Inter=46 48 52 60 
2026-02-23T13:09:50.070 [INFO] 24 -> P7 - (92.0,216.00) - [2,8] ChnType=0, Inter=49 59 61 
2026-02-23T13:09:50.070 [INFO] 25 -> P3 - (60.0,231.00) - [4,8] ChnType=0, Inter=47 49 50 54 
2026-02-23T13:09:50.070 [INFO] 26 -> Pz - (46.0,270.00) - [6,8] ChnType=0, Inter=28 50 51 
2026-02-23T13:09:50.070 [INFO] 27 -> P4 - (60.0,309.00) - [8,8] ChnType=0, Inter=48 51 52 55 
2026-02-23T13:09:50.070 [INFO] 28 -> P8 - (92.0,324.00) - [10,8] ChnType=0, Inter=52 60 62 
2026-02-23T13:09:50.070 [INFO] 29 -> POz - (69.0,270.00) - [6,9] ChnType=0, Inter=25 63 
2026-02-23T13:09:50.070 [INFO] 30 -> O1 - (92.0,252.00) - [5,10] ChnType=0, Inter=54 63 
2026-02-23T13:09:50.071 [INFO] 31 -> O2 - (92.0,288.00) - [7,10] ChnType=0, Inter=55 63 
2026-02-23T13:09:50.071 [INFO] 32 -> EOG - (0.0,0.00) - [6,1] ChnType=0, Inter=31 
2026-02-23T13:09:50.071 [INFO] 1 -> BP1 - (0.0,0.00) - [1,11] ChnType=1, Inter=0 
2026-02-23T13:09:50.071 [INFO] 33 -> AF7 - (92.0,128.00) - [2,3] ChnType=0, Inter=3 33 
2026-02-23T13:09:50.071 [INFO] 34 -> AF3 - (74.0,113.00) - [4,3] ChnType=0, Inter=0 4 32 
2026-02-23T13:09:50.071 [INFO] 35 -> AF4 - (74.0,67.00) - [8,3] ChnType=0, Inter=2 6 35 
2026-02-23T13:09:50.071 [INFO] 36 -> AF8 - (92.0,52.00) - [10,3] ChnType=0, Inter=7 34 
2026-02-23T13:09:50.071 [INFO] 37 -> F5 - (75.0,139.00) - [3,4] ChnType=0, Inter=3 4 8 
2026-02-23T13:09:50.071 [INFO] 38 -> F1 - (50.0,112.00) - [5,4] ChnType=0, Inter=6 7 11 
2026-02-23T13:09:50.071 [INFO] 39 -> F2 - (50.0,68.00) - [7,4] ChnType=0, Inter=5 6 10 
2026-02-23T13:09:50.071 [INFO] 40 -> F6 - (75.0,41.00) - [9,4] ChnType=0, Inter=6 7 11 
2026-02-23T13:09:50.071 [INFO] 41 -> FC3 - (50.0,152.00) - [4,5] ChnType=0, Inter=4 8 9 14 
2026-02-23T13:09:50.071 [INFO] 42 -> FCz - (23.0,90.00) - [6,5] ChnType=0, Inter=5 9 10 15 
2026-02-23T13:09:50.071 [INFO] 43 -> FC4 - (50.0,28.00) - [8,5] ChnType=0, Inter=6 10 11 16 
2026-02-23T13:09:50.071 [INFO] 44 -> C5 - (69.0,180.00) - [3,6] ChnType=0, Inter=8 13 14 19 
2026-02-23T13:09:50.071 [INFO] 45 -> C1 - (23.0,180.00) - [5,6] ChnType=0, Inter=9 14 15 20 
2026-02-23T13:09:50.071 [INFO] 46 -> C2 - (23.0,0.00) - [7,6] ChnType=0, Inter=10 15 16 21 
2026-02-23T13:09:50.071 [INFO] 47 -> C6 - (69.0,0.00) - [9,6] ChnType=0, Inter=11 16 17 22 
2026-02-23T13:09:50.071 [INFO] 48 -> CP3 - (50.0,208.00) - [4,7] ChnType=0, Inter=14 19 20 24 
2026-02-23T13:09:50.071 [INFO] 49 -> CP4 - (50.0,332.00) - [8,7] ChnType=0, Inter=16 21 22 26 
2026-02-23T13:09:50.071 [INFO] 50 -> P5 - (75.0,221.00) - [3,8] ChnType=0, Inter=19 23 24 53 
2026-02-23T13:09:50.071 [INFO] 51 -> P1 - (50.0,248.00) - [5,8] ChnType=0, Inter=20 24 25 
2026-02-23T13:09:50.071 [INFO] 52 -> P2 - (50.0,292.00) - [7,8] ChnType=0, Inter=21 25 26 
2026-02-23T13:09:50.072 [INFO] 53 -> P6 - (75.0,319.00) - [9,8] ChnType=0, Inter=22 26 27 56 
2026-02-23T13:09:50.072 [INFO] 54 -> PO5 - (83.0,239.00) - [3,9] ChnType=0, Inter=49 54 61 
2026-02-23T13:09:50.072 [INFO] 55 -> PO3 - (74.0,247.00) - [4,9] ChnType=0, Inter=24 29 53 
2026-02-23T13:09:50.072 [INFO] 56 -> PO4 - (74.0,293.00) - [8,9] ChnType=0, Inter=26 30 56 
2026-02-23T13:09:50.072 [INFO] 57 -> PO6 - (83.0,301.00) - [9,9] ChnType=0, Inter=52 55 62 
2026-02-23T13:09:50.072 [INFO] 58 -> FT7 - (92.0,162.00) - [2,5] ChnType=0, Inter=3 8 13 
2026-02-23T13:09:50.072 [INFO] 59 -> FT8 - (92.0,18.00) - [10,5] ChnType=0, Inter=7 11 17 
2026-02-23T13:09:50.072 [INFO] 60 -> TP7 - (92.0,198.00) - [2,7] ChnType=0, Inter=13 19 23 
2026-02-23T13:09:50.072 [INFO] 61 -> TP8 - (92.0,342.00) - [10,7] ChnType=0, Inter=17 22 27 
2026-02-23T13:09:50.072 [INFO] 62 -> PO7 - (92.0,234.00) - [2,9] ChnType=0, Inter=23 53 
2026-02-23T13:09:50.072 [INFO] 63 -> PO8 - (92.0,306.00) - [10,9] ChnType=0, Inter=27 56 
2026-02-23T13:09:50.072 [INFO] 64 -> Oz - (92.0,270.00) - [6,10] ChnType=0, Inter=28 29 30 
2026-02-23T13:09:50.072 [INFO] 2 -> BP2 - (0.0,0.00) - [2,11] ChnType=1, Inter=0 
2026-02-23T13:09:50.072 [INFO] ===============================================================
2026-02-23T13:09:50.072 [INFO] Acquisition Parameters Summary:
2026-02-23T13:09:50.072 [INFO] -------------------------------
2026-02-23T13:09:50.072 [INFO] Connected # of amplifier(s): 2
2026-02-23T13:09:50.072 [INFO] Sample Rate-> 1000 sps
2026-02-23T13:09:50.072 [INFO] TCP Ringbuffer allocated for 120000 seconds.
2026-02-23T13:09:50.072 [INFO] EEG data fetched every 50 ms.
2026-02-23T13:09:50.072 [INFO] Per-amp Physical Channel#: 66 (64+2)
2026-02-23T13:09:50.072 [INFO] Per-amp Total Channel# (with Trig and Offset): 68
2026-02-23T13:09:50.072 [INFO] Total Channel# from all amps: 136
2026-02-23T13:09:50.072 [INFO] Referential channels gain: 1
2026-02-23T13:09:50.072 [INFO] Bipolar channels gain: 4
2026-02-23T13:09:50.072 [INFO] AudioCard (analog) trigger threshold: 9920
2026-02-23T13:09:50.072 [INFO] ===============================================================
2026-02-23T13:09:50.072 [INFO] Networking Summary:
2026-02-23T13:09:50.072 [INFO] -----------------------------
2026-02-23T13:09:50.073 [INFO] <ServerIP> is "0.0.0.0"
2026-02-23T13:09:50.073 [INFO] <Strm> listening on port 65001
2026-02-23T13:09:50.073 [INFO] ====================== Thread Runtime =========================
2026-02-23T13:09:50.073 [INFO] ===============================================================
2026-02-23T13:09:50.091 [INFO] [RT] mlockall OK
2026-02-23T13:09:50.091 [INFO] <AudioAmp> Starting audio acquisition...
2026-02-23T13:09:50.095 [INFO] [RT] mlockall OK
2026-02-23T13:09:50.943 [INFO] <AcqThread_Switch2EEG> EEG upstream started..
2026-02-23T13:09:50.999 [INFO] <AmpSync> SYNC sent.. timeout=500samp
2026-02-23T13:09:51.007 [INFO] <AmpSync> SYNC received by AMP#1 @bufidx=59
2026-02-23T13:09:51.011 [INFO] <AmpSync> SYNC received by AMP#2 @bufidx=8
2026-02-23T13:09:51.011 [INFO] <AmpSync> aligment offsets (samples):
2026-02-23T13:09:51.011 [INFO]  AMP#1 -> +51
2026-02-23T13:09:51.011 [INFO]  AMP#2 -> +0
2026-02-23T13:09:51.011 [INFO] <AmpSync> SUCCESS in 8samp
2026-02-23T13:09:52.157 [INFO] <TcpPLL> avail=103 target=100 fill=1.03 err=3 corrNs=17325 periodNs=49982675 baseNs=50000000
2026-02-23T13:09:53.207 [INFO] <TcpPLL> avail=104 target=100 fill=1.04 err=4 corrNs=24525 periodNs=49975475 baseNs=50000000
2026-02-23T13:09:54.257 [INFO] <TcpPLL> avail=103 target=100 fill=1.03 err=3 corrNs=20550 periodNs=49979450 baseNs=50000000
2026-02-23T13:09:55.306 [INFO] <TcpPLL> avail=102 target=100 fill=1.02 err=2 corrNs=16625 periodNs=49983375 baseNs=50000000
2026-02-23T13:09:56.356 [INFO] <TcpPLL> avail=104 target=100 fill=1.04 err=4 corrNs=27600 periodNs=49972400 baseNs=50000000
2026-02-23T13:09:57.405 [INFO] <TcpPLL> avail=101 target=100 fill=1.01 err=1 corrNs=13675 periodNs=49986325 baseNs=50000000
2026-02-23T13:09:58.455 [INFO] <TcpPLL> avail=100 target=100 fill=1.00 err=0 corrNs=9450 periodNs=49990550 baseNs=50000000
2026-02-23T13:09:59.505 [INFO] <TcpPLL> avail=101 target=100 fill=1.01 err=1 corrNs=15050 periodNs=49984950 baseNs=50000000
2026-02-23T13:10:00.554 [INFO] <TcpPLL> avail=100 target=100 fill=1.00 err=0 corrNs=10300 periodNs=49989700 baseNs=50000000
2026-02-23T13:10:01.604 [INFO] <TcpPLL> avail=97 target=100 fill=0.97 err=-3 corrNs=-4900 periodNs=50004900 baseNs=50000000
2026-02-23T13:10:02.654 [INFO] <TcpPLL> avail=99 target=100 fill=0.99 err=-1 corrNs=4975 periodNs=49995025 baseNs=50000000
2026-02-23T13:10:03.704 [INFO] <TcpPLL> avail=98 target=100 fill=0.98 err=-2 corrNs=-25 periodNs=50000025 baseNs=50000000
2026-02-23T13:10:04.754 [INFO] <TcpPLL> avail=99 target=100 fill=0.99 err=-1 corrNs=4900 periodNs=49995100 baseNs=50000000
2026-02-23T13:10:05.803 [INFO] <TcpPLL> avail=101 target=100 fill=1.01 err=1 corrNs=14850 periodNs=49985150 baseNs=50000000
2026-02-23T13:10:06.853 [INFO] <TcpPLL> avail=100 target=100 fill=1.00 err=0 corrNs=9675 periodNs=49990325 baseNs=50000000
2026-02-23T13:10:07.903 [INFO] <TcpPLL> avail=102 target=100 fill=1.02 err=2 corrNs=19400 periodNs=49980600 baseNs=50000000
2026-02-23T13:10:08.953 [INFO] <TcpPLL> avail=96 target=100 fill=0.96 err=-4 corrNs=-10675 periodNs=50010675 baseNs=50000000
2026-02-23T13:10:10.003 [INFO] <TcpPLL> avail=97 target=100 fill=0.97 err=-3 corrNs=-5950 periodNs=50005950 baseNs=50000000
2026-02-23T13:10:11.053 [INFO] <TcpPLL> avail=99 target=100 fill=0.99 err=-1 corrNs=3725 periodNs=49996275 baseNs=50000000
2026-02-23T13:10:12.103 [INFO] <TcpPLL> avail=98 target=100 fill=0.98 err=-2 corrNs=-1350 periodNs=50001350 baseNs=50000000
2026-02-23T13:10:13.153 [INFO] <TcpPLL> avail=100 target=100 fill=1.00 err=0 corrNs=8100 periodNs=49991900 baseNs=50000000
2026-02-23T13:10:14.202 [INFO] <TcpPLL> avail=101 target=100 fill=1.01 err=1 corrNs=12425 periodNs=49987575 baseNs=50000000
2026-02-23T13:10:15.202 [INFO] <TcpPLL> avail=98 target=100 fill=0.98 err=-2 corrNs=-3475 periodNs=50003475 baseNs=50000000
2026-02-23T13:10:16.203 [INFO] <TcpPLL> avail=96 target=100 fill=0.96 err=-4 corrNs=-14450 periodNs=50014450 baseNs=50000000
2026-02-23T13:10:17.253 [INFO] <TcpPLL> avail=98 target=100 fill=0.98 err=-2 corrNs=-4925 periodNs=50004925 baseNs=50000000
2026-02-23T13:10:18.253 [INFO] <TcpPLL> avail=94 target=100 fill=0.94 err=-6 corrNs=-25800 periodNs=50025800 baseNs=50000000
2026-02-23T13:10:19.253 [INFO] <TcpPLL> avail=98 target=100 fill=0.98 err=-2 corrNs=-6425 periodNs=50006425 baseNs=50000000
2026-02-23T13:10:20.253 [INFO] <TcpPLL> avail=100 target=100 fill=1.00 err=0 corrNs=3250 periodNs=49996750 baseNs=50000000
2026-02-23T13:10:21.303 [INFO] <TcpPLL> avail=101 target=100 fill=1.01 err=1 corrNs=8000 periodNs=49992000 baseNs=50000000
2026-02-23T13:10:22.353 [INFO] <TcpPLL> avail=98 target=100 fill=0.98 err=-2 corrNs=-7125 periodNs=50007125 baseNs=50000000
2026-02-23T13:10:23.353 [INFO] <TcpPLL> avail=99 target=100 fill=0.99 err=-1 corrNs=-2550 periodNs=50002550 baseNs=50000000
2026-02-23T13:10:24.353 [INFO] <TcpPLL> avail=98 target=100 fill=0.98 err=-2 corrNs=-7950 periodNs=50007950 baseNs=50000000
2026-02-23T13:10:25.353 [INFO] <TcpPLL> avail=100 target=100 fill=1.00 err=0 corrNs=1850 periodNs=49998150 baseNs=50000000
2026-02-23T13:10:26.353 [INFO] <TcpPLL> avail=99 target=100 fill=0.99 err=-1 corrNs=-3475 periodNs=50003475 baseNs=50000000
2026-02-23T13:10:27.353 [INFO] <TcpPLL> avail=100 target=100 fill=1.00 err=0 corrNs=1150 periodNs=49998850 baseNs=50000000
2026-02-23T13:10:28.353 [INFO] <TcpPLL> avail=99 target=100 fill=0.99 err=-1 corrNs=-4150 periodNs=50004150 baseNs=50000000
2026-02-23T13:10:29.353 [INFO] <TcpPLL> avail=100 target=100 fill=1.00 err=0 corrNs=700 periodNs=49999300 baseNs=50000000
2026-02-23T13:10:30.353 [INFO] <TcpPLL> avail=99 target=100 fill=0.99 err=-1 corrNs=-4550 periodNs=50004550 baseNs=50000000
2026-02-23T13:10:31.353 [INFO] <TcpPLL> avail=96 target=100 fill=0.96 err=-4 corrNs=-19800 periodNs=50019800 baseNs=50000000
2026-02-23T13:10:32.353 [INFO] <TcpPLL> avail=100 target=100 fill=1.00 err=0 corrNs=0 periodNs=50000000 baseNs=50000000
2026-02-23T13:10:33.353 [INFO] <TcpPLL> avail=96 target=100 fill=0.96 err=-4 corrNs=-20325 periodNs=50020325 baseNs=50000000
2026-02-23T13:10:34.353 [INFO] <TcpPLL> avail=100 target=100 fill=1.00 err=0 corrNs=-525 periodNs=50000525 baseNs=50000000
2026-02-23T13:10:35.353 [INFO] <TcpPLL> avail=99 target=100 fill=0.99 err=-1 corrNs=-5625 periodNs=50005625 baseNs=50000000
2026-02-23T13:10:36.353 [INFO] <TcpPLL> avail=100 target=100 fill=1.00 err=0 corrNs=-1125 periodNs=50001125 baseNs=50000000
2026-02-23T13:10:37.353 [INFO] <TcpPLL> avail=99 target=100 fill=0.99 err=-1 corrNs=-6650 periodNs=50006650 baseNs=50000000
2026-02-23T13:10:38.353 [INFO] <TcpPLL> avail=98 target=100 fill=0.98 err=-2 corrNs=-12075 periodNs=50012075 baseNs=50000000
2026-02-23T13:10:39.354 [INFO] <TcpPLL> avail=99 target=100 fill=0.99 err=-1 corrNs=-7425 periodNs=50007425 baseNs=50000000
2026-02-23T13:10:40.354 [INFO] <TcpPLL> avail=98 target=100 fill=0.98 err=-2 corrNs=-12800 periodNs=50012800 baseNs=50000000
2026-02-23T13:10:41.354 [INFO] <TcpPLL> avail=95 target=100 fill=0.95 err=-5 corrNs=-28275 periodNs=50028275 baseNs=50000000
2026-02-23T13:10:42.354 [INFO] <TcpPLL> avail=99 target=100 fill=0.99 err=-1 corrNs=-8750 periodNs=50008750 baseNs=50000000
2026-02-23T13:10:43.354 [INFO] <TcpPLL> avail=95 target=100 fill=0.95 err=-5 corrNs=-29350 periodNs=50029350 baseNs=50000000
2026-02-23T13:10:44.354 [INFO] <TcpPLL> avail=99 target=100 fill=0.99 err=-1 corrNs=-9825 periodNs=50009825 baseNs=50000000
2026-02-23T13:10:45.355 [INFO] <TcpPLL> avail=98 target=100 fill=0.98 err=-2 corrNs=-14825 periodNs=50014825 baseNs=50000000
2026-02-23T13:10:46.405 [INFO] <TcpPLL> avail=99 target=100 fill=0.99 err=-1 corrNs=-9450 periodNs=50009450 baseNs=50000000
2026-02-23T13:10:47.405 [INFO] <TcpPLL> avail=96 target=100 fill=0.96 err=-4 corrNs=-24400 periodNs=50024400 baseNs=50000000
2026-02-23T13:10:48.405 [INFO] <TcpPLL> avail=100 target=100 fill=1.00 err=0 corrNs=-4100 periodNs=50004100 baseNs=50000000
2026-02-23T13:10:49.455 [INFO] <TcpPLL> avail=101 target=100 fill=1.01 err=1 corrNs=1250 periodNs=49998750 baseNs=50000000
2026-02-23T13:10:50.455 [INFO] <TcpPLL> avail=103 target=100 fill=1.03 err=3 corrNs=11525 periodNs=49988475 baseNs=50000000
2026-02-23T13:10:51.455 [INFO] <TcpPLL> avail=102 target=100 fill=1.02 err=2 corrNs=6575 periodNs=49993425 baseNs=50000000
2026-02-23T13:10:52.455 [INFO] <TcpPLL> avail=103 target=100 fill=1.03 err=3 corrNs=11675 periodNs=49988325 baseNs=50000000
2026-02-23T13:10:53.455 [INFO] <TcpPLL> avail=102 target=100 fill=1.02 err=2 corrNs=6850 periodNs=49993150 baseNs=50000000
2026-02-23T13:10:54.455 [INFO] <TcpPLL> avail=103 target=100 fill=1.03 err=3 corrNs=12150 periodNs=49987850 baseNs=50000000
2026-02-23T13:10:55.455 [INFO] <TcpPLL> avail=102 target=100 fill=1.02 err=2 corrNs=7600 periodNs=49992400 baseNs=50000000
2026-02-23T13:10:56.505 [INFO] <TcpPLL> avail=101 target=100 fill=1.01 err=1 corrNs=2925 periodNs=49997075 baseNs=50000000
2026-02-23T13:10:57.555 [INFO] <TcpPLL> avail=103 target=100 fill=1.03 err=3 corrNs=13250 periodNs=49986750 baseNs=50000000
2026-02-23T13:10:58.605 [INFO] <TcpPLL> avail=100 target=100 fill=1.00 err=0 corrNs=-1375 periodNs=50001375 baseNs=50000000
2026-02-23T13:10:59.655 [INFO] <TcpPLL> avail=99 target=100 fill=0.99 err=-1 corrNs=-6025 periodNs=50006025 baseNs=50000000
2026-02-23T13:11:00.655 [INFO] <TcpPLL> avail=103 target=100 fill=1.03 err=3 corrNs=14125 periodNs=49985875 baseNs=50000000
2026-02-23T13:11:01.705 [INFO] <TcpPLL> avail=99 target=100 fill=0.99 err=-1 corrNs=-5350 periodNs=50005350 baseNs=50000000
2026-02-23T13:11:02.755 [INFO] <TcpPLL> avail=103 target=100 fill=1.03 err=3 corrNs=14975 periodNs=49985025 baseNs=50000000
2026-02-23T13:11:03.805 [INFO] <TcpPLL> avail=100 target=100 fill=1.00 err=0 corrNs=-25 periodNs=50000025 baseNs=50000000
2026-02-23T13:11:04.854 [INFO] <TcpPLL> avail=99 target=100 fill=0.99 err=-1 corrNs=-4725 periodNs=50004725 baseNs=50000000
2026-02-23T13:11:05.904 [INFO] <TcpPLL> avail=101 target=100 fill=1.01 err=1 corrNs=5450 periodNs=49994550 baseNs=50000000
2026-02-23T13:11:06.954 [INFO] <TcpPLL> avail=97 target=100 fill=0.97 err=-3 corrNs=-14700 periodNs=50014700 baseNs=50000000
2026-02-23T13:11:08.004 [INFO] <TcpPLL> avail=96 target=100 fill=0.96 err=-4 corrNs=-19675 periodNs=50019675 baseNs=50000000
2026-02-23T13:11:09.004 [INFO] <TcpPLL> avail=100 target=100 fill=1.00 err=0 corrNs=225 periodNs=49999775 baseNs=50000000
2026-02-23T13:11:10.054 [INFO] <TcpPLL> avail=99 target=100 fill=0.99 err=-1 corrNs=-4625 periodNs=50004625 baseNs=50000000
2026-02-23T13:11:11.054 [INFO] <TcpPLL> avail=103 target=100 fill=1.03 err=3 corrNs=14850 periodNs=49985150 baseNs=50000000
2026-02-23T13:11:12.104 [INFO] <TcpPLL> avail=100 target=100 fill=1.00 err=0 corrNs=100 periodNs=49999900 baseNs=50000000
2026-02-23T13:11:13.154 [INFO] <TcpPLL> avail=101 target=100 fill=1.01 err=1 corrNs=5300 periodNs=49994700 baseNs=50000000
2026-02-23T13:11:14.204 [INFO] <TcpPLL> avail=101 target=100 fill=1.01 err=1 corrNs=5100 periodNs=49994900 baseNs=50000000
